<?xml version="1.0" encoding="UTF-8"?>
<!-- Generated by org.testng.reporters.JUnitXMLReporter -->
<testsuite ignored="0" hostname="Arun" failures="0" tests="4" name="HomeLoan" time="0.038" errors="0" timestamp="2024-09-10T20:00:22 IST">
  <testcase classname="TestPrac.day3" name="HomeLoanAppium" time="0.002"/>
  <testcase classname="TestPrac.day3" name="HomeLoanOtr" time="0.004"/>
  <testcase classname="TestPrac.day4" name="HomeLoanApi" time="0.004"/>
  <testcase classname="TestPrac.day4" name="HomeLoanWeb" time="0.003"/>
</testsuite> <!-- HomeLoan -->
