<?xml version="1.0" encoding="UTF-8"?>
<testng-results ignored="0" total="2" passed="2" failed="0" skipped="0">
  <reporter-output>
  </reporter-output>
  <suite started-at="2024-12-12T19:24:40 IST" name="Default suite" finished-at="2024-12-12T19:24:41 IST" duration-ms="342">
    <groups>
    </groups>
    <test started-at="2024-12-12T19:24:40 IST" name="Default test" finished-at="2024-12-12T19:24:41 IST" duration-ms="342">
      <class name="TestPrac.day1">
        <test-method signature="carLoanApi()[pri:0, instance:TestPrac.day1@36916eb0]" started-at="2024-12-12T19:24:40 IST" name="carLoanApi" finished-at="2024-12-12T19:24:40 IST" duration-ms="95" status="PASS">
          <reporter-output>
          </reporter-output>
        </test-method> <!-- carLoanApi -->
        <test-method signature="carLoanWeb()[pri:0, instance:TestPrac.day1@36916eb0]" started-at="2024-12-12T19:24:41 IST" name="carLoanWeb" finished-at="2024-12-12T19:24:41 IST" duration-ms="10" status="PASS">
          <reporter-output>
          </reporter-output>
        </test-method> <!-- carLoanWeb -->
      </class> <!-- TestPrac.day1 -->
    </test> <!-- Default test -->
  </suite> <!-- Default suite -->
</testng-results>
